<?xml version="1.0" encoding="UTF-8"?>
<!-- Generated by org.testng.reporters.JUnitReportReporter -->
<testsuite hostname="DESKTOP-6F5I5V8" failures="0" tests="1" name="test.TestMultipleProductAddToCart" time="43.936" errors="0" timestamp="2023-10-31T22:38:50 IST" skipped="0">
  <testcase classname="test.TestMultipleProductAddToCart" name="verifyMultipleProductAddToCartFunctionality" time="43.936"/>
</testsuite> <!-- test.TestMultipleProductAddToCart -->
