<?xml version="1.0" encoding="UTF-8"?>
<!-- Generated by org.testng.reporters.JUnitReportReporter -->
<testsuite hostname="DESKTOP-6F5I5V8" failures="0" tests="1" name="test.TestCartDetailsPage" time="14.187" errors="0" timestamp="2023-10-25T17:17:37 IST" skipped="0">
  <testcase classname="test.TestCartDetailsPage" name="verifyProductDescriptionMatchesWithQuickViewProductDescription" time="14.187"/>
</testsuite> <!-- test.TestCartDetailsPage -->
