<?xml version="1.0" encoding="UTF-8"?>
<!-- Generated by org.testng.reporters.JUnitReportReporter -->
<testsuite hostname="DESKTOP-6F5I5V8" failures="0" tests="1" name="test.TestNaptolHomePage" time="41.364" errors="0" timestamp="2023-10-25T15:31:08 IST" skipped="0">
  <testcase classname="test.TestNaptolHomePage" name="naptolLoginTest" time="41.364"/>
</testsuite> <!-- test.TestNaptolHomePage -->
