<?xml version="1.0" encoding="UTF-8"?>
<!-- Generated by org.testng.reporters.JUnitReportReporter -->
<testsuite hostname="DESKTOP-6F5I5V8" failures="0" tests="2" name="test.TestCartDetailsAddedFrom_ProductDescriptionPage" time="45.362" errors="0" timestamp="2023-10-30T23:31:47 IST" skipped="0">
  <testcase classname="test.TestCartDetailsAddedFrom_ProductDescriptionPage" name="verifyItemAddedToCartSuccessfully" time="22.419"/>
  <testcase classname="test.TestCartDetailsAddedFrom_ProductDescriptionPage" name="verifyCartProductDescriptionMatchesWithProductDescriptionPage" time="22.943"/>
</testsuite> <!-- test.TestCartDetailsAddedFrom_ProductDescriptionPage -->
