<?xml version="1.0" encoding="UTF-8"?>
<!-- Generated by org.testng.reporters.JUnitReportReporter -->
<testsuite hostname="DESKTOP-6F5I5V8" failures="0" tests="1" name="test.TestProductSearchPage" time="15.128" errors="0" timestamp="2023-10-29T23:42:46 IST" skipped="0">
  <testcase classname="test.TestProductSearchPage" name="verifyProductIsVisibleInQuickViewTab" time="15.128"/>
</testsuite> <!-- test.TestProductSearchPage -->
